<?xml version="1.0" encoding="UTF-8" ?>
<testsuite tests="4" failures="0" name="Petmodule.Petmodule.AppTest" time="15.234" errors="0" skipped="0">
  <properties>
[...]
</properties>
  <testcase classname="Petmodule.Petmodule.AppTest" name="runScenario" time="11.047"/>
  <testcase classname="Petmodule.Petmodule.AppTest" name="runScenario" time="2.024"/>
  <testcase classname="Petmodule.Petmodule.AppTest" name="runScenario" time="1.408"/>
  <testcase classname="Petmodule.Petmodule.AppTest" name="runScenario" time="0.755"/>
</testsuite>